Using pre-set license
Built from '6000.0/staging' branch; Version is '6000.0.41f1 (46e447368a18) revision 4645959'; Using compiler version '193933523'; Build Type 'Release'
OS: 'Windows 11  (10.0.26100) 64bit Core' Language: 'en' Physical Memory: 16123 MB
BatchMode: 1, IsHumanControllingUs: 0, StartBugReporterOnCrash: 0, Is64bit: 1, IsPro: 1

COMMAND LINE ARGUMENTS:
C:\Program Files\Unity\Hub\Editor\6000.0.41f1\Editor\Unity.exe
-adb2
-batchMode
-noUpm
-name
AssetImportWorker10
-projectPath
C:/Users/graha/OneDrive/Documents/GitHub/hackHer1/Graham 2D HackHer 2025
-logFile
Logs/AssetImportWorker10.log
-srvPort
52834
-job-worker-count
11
-background-job-worker-count
8
-gc-helper-count
1
Successfully changed project path to: C:/Users/graha/OneDrive/Documents/GitHub/hackHer1/Graham 2D HackHer 2025
C:/Users/graha/OneDrive/Documents/GitHub/hackHer1/Graham 2D HackHer 2025
[UnityMemory] Configuration Parameters - Can be set up in boot.config
    "memorysetup-bucket-allocator-granularity=16"
    "memorysetup-bucket-allocator-bucket-count=8"
    "memorysetup-bucket-allocator-block-size=33554432"
    "memorysetup-bucket-allocator-block-count=8"
    "memorysetup-main-allocator-block-size=16777216"
    "memorysetup-thread-allocator-block-size=16777216"
    "memorysetup-gfx-main-allocator-block-size=16777216"
    "memorysetup-gfx-thread-allocator-block-size=16777216"
    "memorysetup-cache-allocator-block-size=4194304"
    "memorysetup-typetree-allocator-block-size=2097152"
    "memorysetup-profiler-bucket-allocator-granularity=16"
    "memorysetup-profiler-bucket-allocator-bucket-count=8"
    "memorysetup-profiler-bucket-allocator-block-size=33554432"
    "memorysetup-profiler-bucket-allocator-block-count=8"
    "memorysetup-profiler-allocator-block-size=16777216"
    "memorysetup-profiler-editor-allocator-block-size=1048576"
    "memorysetup-temp-allocator-size-main=16777216"
    "memorysetup-job-temp-allocator-block-size=2097152"
    "memorysetup-job-temp-allocator-block-size-background=1048576"
    "memorysetup-job-temp-allocator-reduction-small-platforms=262144"
    "memorysetup-allocator-temp-initial-block-size-main=262144"
    "memorysetup-allocator-temp-initial-block-size-worker=262144"
    "memorysetup-temp-allocator-size-background-worker=32768"
    "memorysetup-temp-allocator-size-job-worker=262144"
    "memorysetup-temp-allocator-size-preload-manager=33554432"
    "memorysetup-temp-allocator-size-nav-mesh-worker=65536"
    "memorysetup-temp-allocator-size-audio-worker=65536"
    "memorysetup-temp-allocator-size-cloud-worker=32768"
    "memorysetup-temp-allocator-size-gi-baking-worker=262144"
    "memorysetup-temp-allocator-size-gi-baking-worker=262144"
    "memorysetup-temp-allocator-size-gi-baking-worker=262144"
    "memorysetup-temp-allocator-size-gi-baking-worker=262144"
    "memorysetup-temp-allocator-size-gi-baking-worker=262144"
    "memorysetup-temp-allocator-size-gfx=262144"
Player connection [50116]  Target information:

Player connection [50116]  * "[IP] 10.216.92.119 [Port] 0 [Flags] 2 [Guid] 1333212559 [EditorId] 1333212559 [Version] 1048832 [Id] WindowsEditor(7,Winton) [Debug] 1 [PackageName] WindowsEditor [ProjectName] Editor" 

Player connection [50116] Host joined multi-casting on [225.0.0.222:54997]...
Player connection [50116] Host joined alternative multi-casting on [225.0.0.222:34997]...
JobSystem: Creating JobQueue using job-worker-count value 11
Input System module state changed to: Initialized.
[Physics::Module] Initialized fallback backend.
[Physics::Module] Id: 0xdecafbad
Library Redirect Path: Library/
[Physics::Module] Selected backend.
[Physics::Module] Name: PhysX
[Physics::Module] Id: 0xf2b8ea05
[Physics::Module] SDK Version: 4.1.2
[Physics::Module] Integration Version: 1.0.0
[Physics::Module] Threading Mode: Multi-Threaded
Refreshing native plugins compatible for Editor in 918.55 ms, found 4 plugins.
Preloading 0 native plugins for Editor in 0.00 ms.
Initialize engine version: 6000.0.41f1 (46e447368a18)
[Subsystems] Discovering subsystems at path C:/Program Files/Unity/Hub/Editor/6000.0.41f1/Editor/Data/Resources/UnitySubsystems
[Subsystems] Discovering subsystems at path C:/Users/graha/OneDrive/Documents/GitHub/hackHer1/Graham 2D HackHer 2025/Assets
GfxDevice: creating device client; kGfxThreadingModeNonThreaded
Direct3D:
    Version:  Direct3D 11.0 [level 11.1]
    Renderer: NVIDIA GeForce RTX 4060 Laptop GPU (ID=0x28e0)
    Vendor:   NVIDIA
    VRAM:     7957 MB
    Driver:   32.0.15.6094
Initialize mono
Mono path[0] = 'C:/Program Files/Unity/Hub/Editor/6000.0.41f1/Editor/Data/Managed'
Mono path[1] = 'C:/Program Files/Unity/Hub/Editor/6000.0.41f1/Editor/Data/MonoBleedingEdge/lib/mono/unityjit-win32'
Mono config path = 'C:/Program Files/Unity/Hub/Editor/6000.0.41f1/Editor/Data/MonoBleedingEdge/etc'
Using monoOptions --debugger-agent=transport=dt_socket,embedding=1,server=y,suspend=n,address=127.0.0.1:56692
Begin MonoManager ReloadAssembly
Registering precompiled unity dll's ...
Register platform support module: C:/Program Files/Unity/Hub/Editor/6000.0.41f1/Editor/Data/PlaybackEngines/WindowsStandaloneSupport/UnityEditor.WindowsStandalone.Extensions.dll
Registered in 0.003519 seconds.
- Loaded All Assemblies, in  0.833 seconds
Native extension for WindowsStandalone target not found
Mono: successfully reloaded assembly
- Finished resetting the current domain, in  0.252 seconds
Domain Reload Profiling: 1084ms
	BeginReloadAssembly (128ms)
		ExecutionOrderSort (0ms)
		DisableScriptedObjects (0ms)
		BackupInstance (0ms)
		ReleaseScriptingObjects (0ms)
		CreateAndSetChildDomain (1ms)
	RebuildCommonClasses (28ms)
	RebuildNativeTypeToScriptingClass (8ms)
	initialDomainReloadingComplete (41ms)
	LoadAllAssembliesAndSetupDomain (627ms)
		LoadAssemblies (125ms)
		RebuildTransferFunctionScriptingTraits (0ms)
		AnalyzeDomain (625ms)
			TypeCache.Refresh (623ms)
				TypeCache.ScanAssembly (614ms)
			BuildScriptInfoCaches (0ms)
			ResolveRequiredComponents (0ms)
	FinalizeReload (252ms)
		ReleaseScriptCaches (0ms)
		RebuildScriptCaches (0ms)
		SetupLoadedEditorAssemblies (222ms)
			LogAssemblyErrors (0ms)
			InitializePlatformSupportModulesInManaged (18ms)
			SetLoadedEditorAssemblies (4ms)
			BeforeProcessingInitializeOnLoad (34ms)
			ProcessInitializeOnLoadAttributes (103ms)
			ProcessInitializeOnLoadMethodAttributes (64ms)
			AfterProcessingInitializeOnLoad (0ms)
			EditorAssembliesLoaded (0ms)
		ExecutionOrderSort2 (0ms)
		AwakeInstancesAfterBackupRestoration (0ms)
========================================================================
Worker process is ready to serve import requests
Import Worker Mode flag is 0x00
Begin MonoManager ReloadAssembly
- Loaded All Assemblies, in  0.640 seconds
Refreshing native plugins compatible for Editor in 1.46 ms, found 4 plugins.
Native extension for WindowsStandalone target not found
Mono: successfully reloaded assembly
- Finished resetting the current domain, in  1.646 seconds
Domain Reload Profiling: 2280ms
	BeginReloadAssembly (122ms)
		ExecutionOrderSort (0ms)
		DisableScriptedObjects (4ms)
		BackupInstance (0ms)
		ReleaseScriptingObjects (0ms)
		CreateAndSetChildDomain (20ms)
	RebuildCommonClasses (26ms)
	RebuildNativeTypeToScriptingClass (8ms)
	initialDomainReloadingComplete (30ms)
	LoadAllAssembliesAndSetupDomain (448ms)
		LoadAssemblies (335ms)
		RebuildTransferFunctionScriptingTraits (0ms)
		AnalyzeDomain (188ms)
			TypeCache.Refresh (133ms)
				TypeCache.ScanAssembly (121ms)
			BuildScriptInfoCaches (45ms)
			ResolveRequiredComponents (8ms)
	FinalizeReload (1646ms)
		ReleaseScriptCaches (0ms)
		RebuildScriptCaches (0ms)
		SetupLoadedEditorAssemblies (474ms)
			LogAssemblyErrors (0ms)
			InitializePlatformSupportModulesInManaged (2ms)
			SetLoadedEditorAssemblies (4ms)
			BeforeProcessingInitializeOnLoad (83ms)
			ProcessInitializeOnLoadAttributes (273ms)
			ProcessInitializeOnLoadMethodAttributes (108ms)
			AfterProcessingInitializeOnLoad (4ms)
			EditorAssembliesLoaded (0ms)
		ExecutionOrderSort2 (0ms)
		AwakeInstancesAfterBackupRestoration (5ms)
Launched and connected shader compiler UnityShaderCompiler.exe after 0.02 seconds
Refreshing native plugins compatible for Editor in 1.53 ms, found 4 plugins.
Preloading 0 native plugins for Editor in 0.00 ms.
Unloading 221 Unused Serialized files (Serialized files now loaded: 0)
Unloading 6627 unused Assets / (7.0 MB). Loaded Objects now: 7287.
Memory consumption went from 185.9 MB to 178.9 MB.
Total: 7.932000 ms (FindLiveObjects: 0.508900 ms CreateObjectMapping: 0.432900 ms MarkObjects: 4.503300 ms  DeleteObjects: 2.485900 ms)

========================================================================
Received Import Request.
  Time since last request: 21989.529963 seconds.
  path: Assets/Images/Food Particles 1.png
  artifactKey: Guid(d2201878e86d9c04f8ea0bde0971ecce) Importer(815301076,1909f56bfc062723c751e8b465ee728b)
Start importing Assets/Images/Food Particles 1.png using Guid(d2201878e86d9c04f8ea0bde0971ecce) Importer(815301076,1909f56bfc062723c751e8b465ee728b) (PreviewImporter) -> (artifact id: '7cd2b401b361c9ea384e7f1288ce44a2') in 0.1093815 seconds
Number of updated asset objects reloaded before import = 0Number of asset objects unloaded after import = 3

========================================================================
Received Import Request.
  Time since last request: 5.115637 seconds.
  path: Assets/Images/Food Particles 2.png
  artifactKey: Guid(c437c3f020e3ac74089ffcd61b737353) Importer(815301076,1909f56bfc062723c751e8b465ee728b)
Start importing Assets/Images/Food Particles 2.png using Guid(c437c3f020e3ac74089ffcd61b737353) Importer(815301076,1909f56bfc062723c751e8b465ee728b) (PreviewImporter) -> (artifact id: 'b90fc3972ff6f7b9e7aaecb4f77310fb') in 0.0244185 seconds
Number of updated asset objects reloaded before import = 0Number of asset objects unloaded after import = 3

========================================================================
Received Import Request.
  Time since last request: 27.308418 seconds.
  path: Assets/Images/Food Particles 1.png
  artifactKey: Guid(d2201878e86d9c04f8ea0bde0971ecce) Importer(815301076,1909f56bfc062723c751e8b465ee728b)
Start importing Assets/Images/Food Particles 1.png using Guid(d2201878e86d9c04f8ea0bde0971ecce) Importer(815301076,1909f56bfc062723c751e8b465ee728b) (PreviewImporter) -> (artifact id: 'e7b1e7537f74529eedd1b624859ad287') in 0.0270105 seconds
Number of updated asset objects reloaded before import = 0Number of asset objects unloaded after import = 3

========================================================================
Received Import Request.
  Time since last request: 4.005655 seconds.
  path: Assets/Images/Food Particles 2.png
  artifactKey: Guid(c437c3f020e3ac74089ffcd61b737353) Importer(815301076,1909f56bfc062723c751e8b465ee728b)
Start importing Assets/Images/Food Particles 2.png using Guid(c437c3f020e3ac74089ffcd61b737353) Importer(815301076,1909f56bfc062723c751e8b465ee728b) (PreviewImporter) -> (artifact id: 'dfd88a26df2f6c9dafa20a1df87103d5') in 0.0297096 seconds
Number of updated asset objects reloaded before import = 0Number of asset objects unloaded after import = 3

========================================================================
Received Prepare
Begin MonoManager ReloadAssembly
- Loaded All Assemblies, in  0.600 seconds
Refreshing native plugins compatible for Editor in 1.37 ms, found 4 plugins.
Native extension for WindowsStandalone target not found
Mono: successfully reloaded assembly
- Finished resetting the current domain, in  0.656 seconds
Domain Reload Profiling: 1255ms
	BeginReloadAssembly (165ms)
		ExecutionOrderSort (0ms)
		DisableScriptedObjects (10ms)
		BackupInstance (0ms)
		ReleaseScriptingObjects (0ms)
		CreateAndSetChildDomain (41ms)
	RebuildCommonClasses (24ms)
	RebuildNativeTypeToScriptingClass (9ms)
	initialDomainReloadingComplete (22ms)
	LoadAllAssembliesAndSetupDomain (379ms)
		LoadAssemblies (309ms)
		RebuildTransferFunctionScriptingTraits (0ms)
		AnalyzeDomain (146ms)
			TypeCache.Refresh (6ms)
				TypeCache.ScanAssembly (0ms)
			BuildScriptInfoCaches (129ms)
			ResolveRequiredComponents (8ms)
	FinalizeReload (657ms)
		ReleaseScriptCaches (0ms)
		RebuildScriptCaches (0ms)
		SetupLoadedEditorAssemblies (500ms)
			LogAssemblyErrors (0ms)
			InitializePlatformSupportModulesInManaged (2ms)
			SetLoadedEditorAssemblies (4ms)
			BeforeProcessingInitializeOnLoad (88ms)
			ProcessInitializeOnLoadAttributes (327ms)
			ProcessInitializeOnLoadMethodAttributes (72ms)
			AfterProcessingInitializeOnLoad (7ms)
			EditorAssembliesLoaded (0ms)
		ExecutionOrderSort2 (0ms)
		AwakeInstancesAfterBackupRestoration (16ms)
Refreshing native plugins compatible for Editor in 2.19 ms, found 4 plugins.
Preloading 0 native plugins for Editor in 0.00 ms.
Unloading 40 Unused Serialized files (Serialized files now loaded: 0)
Unloading 6625 unused Assets / (7.9 MB). Loaded Objects now: 7298.
Memory consumption went from 164.2 MB to 156.2 MB.
Total: 12.288600 ms (FindLiveObjects: 0.763400 ms CreateObjectMapping: 0.663900 ms MarkObjects: 5.813500 ms  DeleteObjects: 5.045500 ms)

Prepare: number of updated asset objects reloaded= 0
========================================================================
Received Import Request.
  Time since last request: 144.746241 seconds.
  path: Assets/Images/Food Particles 1.controller
  artifactKey: Guid(d38c3729a4524b341930335387387bf5) Importer(815301076,1909f56bfc062723c751e8b465ee728b)
Start importing Assets/Images/Food Particles 1.controller using Guid(d38c3729a4524b341930335387387bf5) Importer(815301076,1909f56bfc062723c751e8b465ee728b) (PreviewImporter) -> (artifact id: '7290f0551e3744ed2a99d80d92f4a317') in 0.0209001 seconds
Number of updated asset objects reloaded before import = 0Number of asset objects unloaded after import = 1

========================================================================
Received Import Request.
  Time since last request: 1.830905 seconds.
  path: Assets/Images/Food Eating Animation.anim
  artifactKey: Guid(4e3a5ab659dec8346b4ffbbf68f0a09c) Importer(815301076,1909f56bfc062723c751e8b465ee728b)
Start importing Assets/Images/Food Eating Animation.anim using Guid(4e3a5ab659dec8346b4ffbbf68f0a09c) Importer(815301076,1909f56bfc062723c751e8b465ee728b) (PreviewImporter) -> (artifact id: 'cdd0d43db8ff4c287432d174bb3ca152') in 0.0031858 seconds
Number of updated asset objects reloaded before import = 0Number of asset objects unloaded after import = 1

========================================================================
Received Prepare
Begin MonoManager ReloadAssembly
- Loaded All Assemblies, in  0.597 seconds
Refreshing native plugins compatible for Editor in 1.57 ms, found 4 plugins.
Native extension for WindowsStandalone target not found
Mono: successfully reloaded assembly
- Finished resetting the current domain, in  0.657 seconds
Domain Reload Profiling: 1252ms
	BeginReloadAssembly (168ms)
		ExecutionOrderSort (0ms)
		DisableScriptedObjects (10ms)
		BackupInstance (0ms)
		ReleaseScriptingObjects (0ms)
		CreateAndSetChildDomain (45ms)
	RebuildCommonClasses (25ms)
	RebuildNativeTypeToScriptingClass (8ms)
	initialDomainReloadingComplete (30ms)
	LoadAllAssembliesAndSetupDomain (362ms)
		LoadAssemblies (290ms)
		RebuildTransferFunctionScriptingTraits (0ms)
		AnalyzeDomain (147ms)
			TypeCache.Refresh (6ms)
				TypeCache.ScanAssembly (0ms)
			BuildScriptInfoCaches (129ms)
			ResolveRequiredComponents (8ms)
	FinalizeReload (658ms)
		ReleaseScriptCaches (0ms)
		RebuildScriptCaches (0ms)
		SetupLoadedEditorAssemblies (500ms)
			LogAssemblyErrors (0ms)
			InitializePlatformSupportModulesInManaged (2ms)
			SetLoadedEditorAssemblies (4ms)
			BeforeProcessingInitializeOnLoad (91ms)
			ProcessInitializeOnLoadAttributes (333ms)
			ProcessInitializeOnLoadMethodAttributes (64ms)
			AfterProcessingInitializeOnLoad (6ms)
			EditorAssembliesLoaded (0ms)
		ExecutionOrderSort2 (0ms)
		AwakeInstancesAfterBackupRestoration (16ms)
Refreshing native plugins compatible for Editor in 2.34 ms, found 4 plugins.
Preloading 0 native plugins for Editor in 0.00 ms.
Unloading 40 Unused Serialized files (Serialized files now loaded: 0)
Unloading 6625 unused Assets / (7.6 MB). Loaded Objects now: 7300.
Memory consumption went from 164.2 MB to 156.6 MB.
Total: 10.240200 ms (FindLiveObjects: 0.696400 ms CreateObjectMapping: 0.669100 ms MarkObjects: 4.859200 ms  DeleteObjects: 4.014100 ms)

Prepare: number of updated asset objects reloaded= 0
========================================================================
Received Prepare
Refreshing native plugins compatible for Editor in 1.50 ms, found 4 plugins.
Preloading 0 native plugins for Editor in 0.00 ms.
Unloading 40 Unused Serialized files (Serialized files now loaded: 0)
Unloading 6614 unused Assets / (7.2 MB). Loaded Objects now: 7300.
Memory consumption went from 164.3 MB to 157.1 MB.
Total: 7.753400 ms (FindLiveObjects: 0.563600 ms CreateObjectMapping: 0.457400 ms MarkObjects: 3.876700 ms  DeleteObjects: 2.854600 ms)

Prepare: number of updated asset objects reloaded= 0
========================================================================
Received Import Request.
  Time since last request: 79.562057 seconds.
  path: Assets/Scripts/ImgAppear.cs
  artifactKey: Guid(d3c09f15930738c4aa7ad160dea22dc7) Importer(815301076,1909f56bfc062723c751e8b465ee728b)
Start importing Assets/Scripts/ImgAppear.cs using Guid(d3c09f15930738c4aa7ad160dea22dc7) Importer(815301076,1909f56bfc062723c751e8b465ee728b) (PreviewImporter) -> (artifact id: 'e765610509e18361b881a54ed0cb6a38') in 0.0066133 seconds
Number of updated asset objects reloaded before import = 0Number of asset objects unloaded after import = 0

========================================================================
Received Prepare
Begin MonoManager ReloadAssembly
- Loaded All Assemblies, in  0.600 seconds
Refreshing native plugins compatible for Editor in 2.04 ms, found 4 plugins.
Native extension for WindowsStandalone target not found
Mono: successfully reloaded assembly
- Finished resetting the current domain, in  0.587 seconds
Domain Reload Profiling: 1185ms
	BeginReloadAssembly (165ms)
		ExecutionOrderSort (0ms)
		DisableScriptedObjects (10ms)
		BackupInstance (0ms)
		ReleaseScriptingObjects (0ms)
		CreateAndSetChildDomain (41ms)
	RebuildCommonClasses (29ms)
	RebuildNativeTypeToScriptingClass (9ms)
	initialDomainReloadingComplete (24ms)
	LoadAllAssembliesAndSetupDomain (371ms)
		LoadAssemblies (297ms)
		RebuildTransferFunctionScriptingTraits (0ms)
		AnalyzeDomain (150ms)
			TypeCache.Refresh (8ms)
				TypeCache.ScanAssembly (1ms)
			BuildScriptInfoCaches (129ms)
			ResolveRequiredComponents (9ms)
	FinalizeReload (587ms)
		ReleaseScriptCaches (0ms)
		RebuildScriptCaches (0ms)
		SetupLoadedEditorAssemblies (430ms)
			LogAssemblyErrors (0ms)
			InitializePlatformSupportModulesInManaged (2ms)
			SetLoadedEditorAssemblies (4ms)
			BeforeProcessingInitializeOnLoad (91ms)
			ProcessInitializeOnLoadAttributes (281ms)
			ProcessInitializeOnLoadMethodAttributes (47ms)
			AfterProcessingInitializeOnLoad (5ms)
			EditorAssembliesLoaded (0ms)
		ExecutionOrderSort2 (0ms)
		AwakeInstancesAfterBackupRestoration (11ms)
Refreshing native plugins compatible for Editor in 1.62 ms, found 4 plugins.
Preloading 0 native plugins for Editor in 0.00 ms.
Unloading 40 Unused Serialized files (Serialized files now loaded: 0)
Unloading 6625 unused Assets / (7.8 MB). Loaded Objects now: 7302.
Memory consumption went from 164.2 MB to 156.4 MB.
Total: 8.098800 ms (FindLiveObjects: 0.537100 ms CreateObjectMapping: 0.503700 ms MarkObjects: 3.712300 ms  DeleteObjects: 3.344000 ms)

Prepare: number of updated asset objects reloaded= 0
========================================================================
Received Prepare
Begin MonoManager ReloadAssembly
- Loaded All Assemblies, in  0.577 seconds
Refreshing native plugins compatible for Editor in 1.66 ms, found 4 plugins.
Native extension for WindowsStandalone target not found
Mono: successfully reloaded assembly
- Finished resetting the current domain, in  0.566 seconds
Domain Reload Profiling: 1142ms
	BeginReloadAssembly (155ms)
		ExecutionOrderSort (0ms)
		DisableScriptedObjects (10ms)
		BackupInstance (0ms)
		ReleaseScriptingObjects (0ms)
		CreateAndSetChildDomain (36ms)
	RebuildCommonClasses (26ms)
	RebuildNativeTypeToScriptingClass (9ms)
	initialDomainReloadingComplete (23ms)
	LoadAllAssembliesAndSetupDomain (363ms)
		LoadAssemblies (285ms)
		RebuildTransferFunctionScriptingTraits (0ms)
		AnalyzeDomain (151ms)
			TypeCache.Refresh (6ms)
				TypeCache.ScanAssembly (0ms)
			BuildScriptInfoCaches (134ms)
			ResolveRequiredComponents (8ms)
	FinalizeReload (566ms)
		ReleaseScriptCaches (0ms)
		RebuildScriptCaches (0ms)
		SetupLoadedEditorAssemblies (424ms)
			LogAssemblyErrors (0ms)
			InitializePlatformSupportModulesInManaged (2ms)
			SetLoadedEditorAssemblies (4ms)
			BeforeProcessingInitializeOnLoad (88ms)
			ProcessInitializeOnLoadAttributes (272ms)
			ProcessInitializeOnLoadMethodAttributes (52ms)
			AfterProcessingInitializeOnLoad (5ms)
			EditorAssembliesLoaded (0ms)
		ExecutionOrderSort2 (0ms)
		AwakeInstancesAfterBackupRestoration (11ms)
Refreshing native plugins compatible for Editor in 1.47 ms, found 4 plugins.
Preloading 0 native plugins for Editor in 0.00 ms.
Unloading 40 Unused Serialized files (Serialized files now loaded: 0)
Unloading 6625 unused Assets / (7.4 MB). Loaded Objects now: 7304.
Memory consumption went from 164.2 MB to 156.7 MB.
Total: 8.774200 ms (FindLiveObjects: 0.735400 ms CreateObjectMapping: 0.671700 ms MarkObjects: 3.685400 ms  DeleteObjects: 3.680500 ms)

Prepare: number of updated asset objects reloaded= 0
========================================================================
Received Import Request.
  Time since last request: 633.874400 seconds.
  path: Assets/Scripts/Animation Change Speed Eating.cs
  artifactKey: Guid(b03c079074faa5e4889ab8481597cccd) Importer(815301076,1909f56bfc062723c751e8b465ee728b)
Start importing Assets/Scripts/Animation Change Speed Eating.cs using Guid(b03c079074faa5e4889ab8481597cccd) Importer(815301076,1909f56bfc062723c751e8b465ee728b) (PreviewImporter) -> (artifact id: '9df1a10d990d0e31d7ca83915a667392') in 0.0933915 seconds
Number of updated asset objects reloaded before import = 0Number of asset objects unloaded after import = 0

========================================================================
Received Prepare
Begin MonoManager ReloadAssembly
- Loaded All Assemblies, in  2.405 seconds
Refreshing native plugins compatible for Editor in 4.92 ms, found 4 plugins.
Native extension for WindowsStandalone target not found
Mono: successfully reloaded assembly
- Finished resetting the current domain, in  0.605 seconds
Domain Reload Profiling: 3011ms
	BeginReloadAssembly (1127ms)
		ExecutionOrderSort (0ms)
		DisableScriptedObjects (259ms)
		BackupInstance (0ms)
		ReleaseScriptingObjects (1ms)
		CreateAndSetChildDomain (333ms)
	RebuildCommonClasses (33ms)
	RebuildNativeTypeToScriptingClass (11ms)
	initialDomainReloadingComplete (32ms)
	LoadAllAssembliesAndSetupDomain (1203ms)
		LoadAssemblies (1034ms)
		RebuildTransferFunctionScriptingTraits (0ms)
		AnalyzeDomain (417ms)
			TypeCache.Refresh (57ms)
				TypeCache.ScanAssembly (2ms)
			BuildScriptInfoCaches (343ms)
			ResolveRequiredComponents (10ms)
	FinalizeReload (605ms)
		ReleaseScriptCaches (0ms)
		RebuildScriptCaches (0ms)
		SetupLoadedEditorAssemblies (448ms)
			LogAssemblyErrors (0ms)
			InitializePlatformSupportModulesInManaged (2ms)
			SetLoadedEditorAssemblies (4ms)
			BeforeProcessingInitializeOnLoad (93ms)
			ProcessInitializeOnLoadAttributes (299ms)
			ProcessInitializeOnLoadMethodAttributes (45ms)
			AfterProcessingInitializeOnLoad (4ms)
			EditorAssembliesLoaded (0ms)
		ExecutionOrderSort2 (0ms)
		AwakeInstancesAfterBackupRestoration (10ms)
Refreshing native plugins compatible for Editor in 1.65 ms, found 4 plugins.
Preloading 0 native plugins for Editor in 0.00 ms.
Unloading 40 Unused Serialized files (Serialized files now loaded: 0)
Unloading 6627 unused Assets / (8.3 MB). Loaded Objects now: 7308.
Memory consumption went from 164.1 MB to 155.8 MB.
Total: 9.008200 ms (FindLiveObjects: 0.527500 ms CreateObjectMapping: 0.482300 ms MarkObjects: 4.094100 ms  DeleteObjects: 3.902300 ms)

Prepare: number of updated asset objects reloaded= 0
========================================================================
Received Import Request.
  Time since last request: 243.195277 seconds.
  path: Assets/2D Progress Bar Toolkit/Prefabs
  artifactKey: Guid(e723268cc53ae458d85c44188aea8d89) Importer(815301076,1909f56bfc062723c751e8b465ee728b)
Start importing Assets/2D Progress Bar Toolkit/Prefabs using Guid(e723268cc53ae458d85c44188aea8d89) Importer(815301076,1909f56bfc062723c751e8b465ee728b) (PreviewImporter) -> (artifact id: '24706810a8209d1c083c661cf35fcbf5') in 0.0176425 seconds
Number of updated asset objects reloaded before import = 0Number of asset objects unloaded after import = 0

========================================================================
Received Import Request.
  Time since last request: 0.113603 seconds.
  path: Assets/2D Progress Bar Toolkit/Prefabs/CircularProgressBar_180.prefab
  artifactKey: Guid(de70efd27ac5e49bd8cebff8c77305f4) Importer(815301076,1909f56bfc062723c751e8b465ee728b)
Start importing Assets/2D Progress Bar Toolkit/Prefabs/CircularProgressBar_180.prefab using Guid(de70efd27ac5e49bd8cebff8c77305f4) Importer(815301076,1909f56bfc062723c751e8b465ee728b) (PreviewImporter) -> (artifact id: 'b3a47126816fa61da556de79425d6cd1') in 0.0452923 seconds
Number of updated asset objects reloaded before import = 0Number of asset objects unloaded after import = 16

========================================================================
Received Import Request.
  Time since last request: 0.000015 seconds.
  path: Assets/2D Progress Bar Toolkit/Prefabs/ProgressBar.prefab
  artifactKey: Guid(827d26cc5a5a043df95578c9a022dead) Importer(815301076,1909f56bfc062723c751e8b465ee728b)
Start importing Assets/2D Progress Bar Toolkit/Prefabs/ProgressBar.prefab using Guid(827d26cc5a5a043df95578c9a022dead) Importer(815301076,1909f56bfc062723c751e8b465ee728b) (PreviewImporter) -> (artifact id: '50745238061d0bb5208e2b370905618b') in 0.002608 seconds
Number of updated asset objects reloaded before import = 0Number of asset objects unloaded after import = 16

========================================================================
Received Import Request.
  Time since last request: 0.000029 seconds.
  path: Assets/2D Progress Bar Toolkit/Prefabs/CircularProgressBar_360.prefab
  artifactKey: Guid(0a0f1751d9b2c4855814f431fbe71c51) Importer(815301076,1909f56bfc062723c751e8b465ee728b)
Start importing Assets/2D Progress Bar Toolkit/Prefabs/CircularProgressBar_360.prefab using Guid(0a0f1751d9b2c4855814f431fbe71c51) Importer(815301076,1909f56bfc062723c751e8b465ee728b) (PreviewImporter) -> (artifact id: 'aefa2bf4b1c02379fa2fe5c78a9d7081') in 0.0019633 seconds
Number of updated asset objects reloaded before import = 0Number of asset objects unloaded after import = 16

========================================================================
Received Import Request.
  Time since last request: 0.000025 seconds.
  path: Assets/2D Progress Bar Toolkit/Prefabs/CircularProgressBar_Super.prefab
  artifactKey: Guid(c40254854d2b041af98be19b28a2bb14) Importer(815301076,1909f56bfc062723c751e8b465ee728b)
Start importing Assets/2D Progress Bar Toolkit/Prefabs/CircularProgressBar_Super.prefab using Guid(c40254854d2b041af98be19b28a2bb14) Importer(815301076,1909f56bfc062723c751e8b465ee728b) (PreviewImporter) -> (artifact id: '4f88cac64d8b0103ebe2d492b7794069') in 0.0020828 seconds
Number of updated asset objects reloaded before import = 0Number of asset objects unloaded after import = 16

========================================================================
Received Import Request.
  Time since last request: 0.000021 seconds.
  path: Assets/2D Progress Bar Toolkit/Prefabs/ClassicProgressBar.prefab
  artifactKey: Guid(f6470122ed2a04396806ed472fb032ff) Importer(815301076,1909f56bfc062723c751e8b465ee728b)
Start importing Assets/2D Progress Bar Toolkit/Prefabs/ClassicProgressBar.prefab using Guid(f6470122ed2a04396806ed472fb032ff) Importer(815301076,1909f56bfc062723c751e8b465ee728b) (PreviewImporter) -> (artifact id: '8844810667d62f36158d6b916de07829') in 0.0033008 seconds
Number of updated asset objects reloaded before import = 0Number of asset objects unloaded after import = 16

========================================================================
Received Import Request.
  Time since last request: 2.857696 seconds.
  path: Assets/2D Progress Bar Toolkit/Resources/box_bar.png
  artifactKey: Guid(e1ba5a4b285854f0ea9aad90395bcbc7) Importer(815301076,1909f56bfc062723c751e8b465ee728b)
Start importing Assets/2D Progress Bar Toolkit/Resources/box_bar.png using Guid(e1ba5a4b285854f0ea9aad90395bcbc7) Importer(815301076,1909f56bfc062723c751e8b465ee728b) (PreviewImporter) -> (artifact id: '888aaa7f42e2f97cf2cc1be57525789d') in 0.0721334 seconds
Number of updated asset objects reloaded before import = 0Number of asset objects unloaded after import = 3

========================================================================
Received Import Request.
  Time since last request: 0.000015 seconds.
  path: Assets/2D Progress Bar Toolkit/Resources/circular_bar 3.png
  artifactKey: Guid(ae05a2ebf8fd34ccc9b3475ac2f870b6) Importer(815301076,1909f56bfc062723c751e8b465ee728b)
Start importing Assets/2D Progress Bar Toolkit/Resources/circular_bar 3.png using Guid(ae05a2ebf8fd34ccc9b3475ac2f870b6) Importer(815301076,1909f56bfc062723c751e8b465ee728b) (PreviewImporter) -> (artifact id: 'f05fd86feab57800261234d1ebc2bd27') in 0.0239591 seconds
Number of updated asset objects reloaded before import = 0Number of asset objects unloaded after import = 3

========================================================================
Received Prepare
Begin MonoManager ReloadAssembly
- Loaded All Assemblies, in  0.642 seconds
Refreshing native plugins compatible for Editor in 1.50 ms, found 4 plugins.
Native extension for WindowsStandalone target not found
Mono: successfully reloaded assembly
- Finished resetting the current domain, in  0.636 seconds
Domain Reload Profiling: 1276ms
	BeginReloadAssembly (173ms)
		ExecutionOrderSort (0ms)
		DisableScriptedObjects (10ms)
		BackupInstance (0ms)
		ReleaseScriptingObjects (0ms)
		CreateAndSetChildDomain (43ms)
	RebuildCommonClasses (27ms)
	RebuildNativeTypeToScriptingClass (9ms)
	initialDomainReloadingComplete (24ms)
	LoadAllAssembliesAndSetupDomain (405ms)
		LoadAssemblies (334ms)
		RebuildTransferFunctionScriptingTraits (0ms)
		AnalyzeDomain (154ms)
			TypeCache.Refresh (6ms)
				TypeCache.ScanAssembly (0ms)
			BuildScriptInfoCaches (137ms)
			ResolveRequiredComponents (8ms)
	FinalizeReload (636ms)
		ReleaseScriptCaches (0ms)
		RebuildScriptCaches (0ms)
		SetupLoadedEditorAssemblies (481ms)
			LogAssemblyErrors (0ms)
			InitializePlatformSupportModulesInManaged (2ms)
			SetLoadedEditorAssemblies (4ms)
			BeforeProcessingInitializeOnLoad (91ms)
			ProcessInitializeOnLoadAttributes (315ms)
			ProcessInitializeOnLoadMethodAttributes (63ms)
			AfterProcessingInitializeOnLoad (5ms)
			EditorAssembliesLoaded (0ms)
		ExecutionOrderSort2 (0ms)
		AwakeInstancesAfterBackupRestoration (15ms)
Refreshing native plugins compatible for Editor in 2.74 ms, found 4 plugins.
Preloading 0 native plugins for Editor in 0.00 ms.
Unloading 40 Unused Serialized files (Serialized files now loaded: 0)
Unloading 6627 unused Assets / (7.3 MB). Loaded Objects now: 7310.
Memory consumption went from 164.2 MB to 156.8 MB.
Total: 9.704700 ms (FindLiveObjects: 0.660000 ms CreateObjectMapping: 0.795800 ms MarkObjects: 4.414100 ms  DeleteObjects: 3.832400 ms)

Prepare: number of updated asset objects reloaded= 0
========================================================================
Received Import Request.
  Time since last request: 65.229082 seconds.
  path: Assets/2D Progress Bar Toolkit/Sprites/bar_01_animal/bar_01_animal.psd
  artifactKey: Guid(209d4c18c748d4486a4077597649d683) Importer(815301076,1909f56bfc062723c751e8b465ee728b)
Start importing Assets/2D Progress Bar Toolkit/Sprites/bar_01_animal/bar_01_animal.psd using Guid(209d4c18c748d4486a4077597649d683) Importer(815301076,1909f56bfc062723c751e8b465ee728b) (PreviewImporter) -> (artifact id: 'aa94cc59be626aa9dacb43f4d3fd842d') in 0.0742905 seconds
Number of updated asset objects reloaded before import = 0Number of asset objects unloaded after import = 2

========================================================================
Received Import Request.
  Time since last request: 1.927244 seconds.
  path: Assets/2D Progress Bar Toolkit/Sprites/bar_01_animal/png/bar_01_animal_layer_2.png
  artifactKey: Guid(ec5348278bc63496f94958aa5355cce7) Importer(815301076,1909f56bfc062723c751e8b465ee728b)
Start importing Assets/2D Progress Bar Toolkit/Sprites/bar_01_animal/png/bar_01_animal_layer_2.png using Guid(ec5348278bc63496f94958aa5355cce7) Importer(815301076,1909f56bfc062723c751e8b465ee728b) (PreviewImporter) -> (artifact id: 'ed89b4c7f73ca96924db0a03624f32e5') in 0.0626327 seconds
Number of updated asset objects reloaded before import = 0Number of asset objects unloaded after import = 3

========================================================================
Received Import Request.
  Time since last request: 0.000016 seconds.
  path: Assets/2D Progress Bar Toolkit/Sprites/bar_01_animal/png/bar_01_animal_layer_3.png
  artifactKey: Guid(6b545d16ce9b04123bf8e6c93d4cffb0) Importer(815301076,1909f56bfc062723c751e8b465ee728b)
Start importing Assets/2D Progress Bar Toolkit/Sprites/bar_01_animal/png/bar_01_animal_layer_3.png using Guid(6b545d16ce9b04123bf8e6c93d4cffb0) Importer(815301076,1909f56bfc062723c751e8b465ee728b) (PreviewImporter) -> (artifact id: 'b983e3d26f787412c73e3f9f10aad524') in 0.0309177 seconds
Number of updated asset objects reloaded before import = 0Number of asset objects unloaded after import = 3

========================================================================
Received Import Request.
  Time since last request: 27.363002 seconds.
  path: Assets/2D Progress Bar Toolkit/Sprites/bar_02_candy/bar_02_candy.psd
  artifactKey: Guid(8cf450823d66d42b0a496050e3d32d56) Importer(815301076,1909f56bfc062723c751e8b465ee728b)
Start importing Assets/2D Progress Bar Toolkit/Sprites/bar_02_candy/bar_02_candy.psd using Guid(8cf450823d66d42b0a496050e3d32d56) Importer(815301076,1909f56bfc062723c751e8b465ee728b) (PreviewImporter) -> (artifact id: '99a9ec4da41a20dc306235d3dac935f7') in 0.0342696 seconds
Number of updated asset objects reloaded before import = 0Number of asset objects unloaded after import = 2

========================================================================
Received Import Request.
  Time since last request: 14.056825 seconds.
  path: Assets/2D Progress Bar Toolkit/Sprites/bar_03_worm/bar_03_worm.png
  artifactKey: Guid(827411f56e52d4aa0b58426bc43fbff8) Importer(815301076,1909f56bfc062723c751e8b465ee728b)
Start importing Assets/2D Progress Bar Toolkit/Sprites/bar_03_worm/bar_03_worm.png using Guid(827411f56e52d4aa0b58426bc43fbff8) Importer(815301076,1909f56bfc062723c751e8b465ee728b) (PreviewImporter) -> (artifact id: 'c1723d5c806125e5f27ebacc022c7f4c') in 0.0363062 seconds
Number of updated asset objects reloaded before import = 0Number of asset objects unloaded after import = 2

========================================================================
Received Import Request.
  Time since last request: 5.941863 seconds.
  path: Assets/2D Progress Bar Toolkit/Sprites/circle_01_fan/circle_01_fan_layer_1.png
  artifactKey: Guid(2c5fdfb800ca24c5095ce852c6f980db) Importer(815301076,1909f56bfc062723c751e8b465ee728b)
Start importing Assets/2D Progress Bar Toolkit/Sprites/circle_01_fan/circle_01_fan_layer_1.png using Guid(2c5fdfb800ca24c5095ce852c6f980db) Importer(815301076,1909f56bfc062723c751e8b465ee728b) (PreviewImporter) -> (artifact id: 'bd160c18d9d4a36c0c976d3b642bff78') in 0.0363427 seconds
Number of updated asset objects reloaded before import = 0Number of asset objects unloaded after import = 3

========================================================================
Received Import Request.
  Time since last request: 1.894033 seconds.
  path: Assets/2D Progress Bar Toolkit/Sprites/circle_02_spiral/circle_02_spiral.png
  artifactKey: Guid(5bf81cc2e892e43a58b7bfb5a05e7c6e) Importer(815301076,1909f56bfc062723c751e8b465ee728b)
Start importing Assets/2D Progress Bar Toolkit/Sprites/circle_02_spiral/circle_02_spiral.png using Guid(5bf81cc2e892e43a58b7bfb5a05e7c6e) Importer(815301076,1909f56bfc062723c751e8b465ee728b) (PreviewImporter) -> (artifact id: '17f521314dedca72bbb7825cca85b529') in 0.0603017 seconds
Number of updated asset objects reloaded before import = 0Number of asset objects unloaded after import = 3

========================================================================
Received Import Request.
  Time since last request: 4.408876 seconds.
  path: Assets/2D Progress Bar Toolkit/Sprites/bar_04_grey/png/bar_04_grey_layer_2.png
  artifactKey: Guid(de60f736050bf449585ff3e554d97d9d) Importer(815301076,1909f56bfc062723c751e8b465ee728b)
Start importing Assets/2D Progress Bar Toolkit/Sprites/bar_04_grey/png/bar_04_grey_layer_2.png using Guid(de60f736050bf449585ff3e554d97d9d) Importer(815301076,1909f56bfc062723c751e8b465ee728b) (PreviewImporter) -> (artifact id: 'd5a86efabab9cc7259b3fb59849f1753') in 0.0392526 seconds
Number of updated asset objects reloaded before import = 0Number of asset objects unloaded after import = 3

========================================================================
Received Import Request.
  Time since last request: 30.376747 seconds.
  path: Packages/com.unity.2d.sprite/Editor/ObjectMenuCreation/DefaultAssets/Textures/v2/Capsule.png
  artifactKey: Guid(207ee8102dd4143d288186ef0be518ee) Importer(815301076,1909f56bfc062723c751e8b465ee728b)
Start importing Packages/com.unity.2d.sprite/Editor/ObjectMenuCreation/DefaultAssets/Textures/v2/Capsule.png using Guid(207ee8102dd4143d288186ef0be518ee) Importer(815301076,1909f56bfc062723c751e8b465ee728b) (PreviewImporter) -> (artifact id: '2471bfa48255be3c4a01c36eb6a28d73') in 0.0255153 seconds
Number of updated asset objects reloaded before import = 0Number of asset objects unloaded after import = 3

========================================================================
Received Import Request.
  Time since last request: 0.000014 seconds.
  path: Packages/com.unity.2d.sprite/Editor/ObjectMenuCreation/DefaultAssets/Textures/v2/Circle.png
  artifactKey: Guid(a86470a33a6bf42c4b3595704624658b) Importer(815301076,1909f56bfc062723c751e8b465ee728b)
Start importing Packages/com.unity.2d.sprite/Editor/ObjectMenuCreation/DefaultAssets/Textures/v2/Circle.png using Guid(a86470a33a6bf42c4b3595704624658b) Importer(815301076,1909f56bfc062723c751e8b465ee728b) (PreviewImporter) -> (artifact id: 'b81303c37e428ae934aae9b5cfb7044e') in 0.023535 seconds
Number of updated asset objects reloaded before import = 0Number of asset objects unloaded after import = 3

========================================================================
Received Import Request.
  Time since last request: 0.000021 seconds.
  path: Packages/com.unity.2d.sprite/Editor/ObjectMenuCreation/DefaultAssets/Textures/v2/HexagonFlatTop.png
  artifactKey: Guid(b670ab75dde984907b8570040daa08c5) Importer(815301076,1909f56bfc062723c751e8b465ee728b)
Start importing Packages/com.unity.2d.sprite/Editor/ObjectMenuCreation/DefaultAssets/Textures/v2/HexagonFlatTop.png using Guid(b670ab75dde984907b8570040daa08c5) Importer(815301076,1909f56bfc062723c751e8b465ee728b) (PreviewImporter) -> (artifact id: '619f1a4133f700e81529db4f15d995ae') in 0.0331289 seconds
Number of updated asset objects reloaded before import = 0Number of asset objects unloaded after import = 3

========================================================================
Received Import Request.
  Time since last request: 0.000025 seconds.
  path: Packages/com.unity.2d.sprite/Editor/ObjectMenuCreation/DefaultAssets/Textures/v2/Triangle.png
  artifactKey: Guid(75f5f34dc1b5347e0b8351032682f224) Importer(815301076,1909f56bfc062723c751e8b465ee728b)
Start importing Packages/com.unity.2d.sprite/Editor/ObjectMenuCreation/DefaultAssets/Textures/v2/Triangle.png using Guid(75f5f34dc1b5347e0b8351032682f224) Importer(815301076,1909f56bfc062723c751e8b465ee728b) (PreviewImporter) -> (artifact id: '0f561db4617bb41eec856a104332bf50') in 0.0247743 seconds
Number of updated asset objects reloaded before import = 0Number of asset objects unloaded after import = 3

Editor requested this worker to shutdown with reason: Scaling down because of idle timeout
AssetImportWorker is now disconnected from the server
Process exiting
Exiting without the bug reporter. Application will terminate with return code 0